362  [main] INFO com.edt.App - Starting App on DESKTOP-43IB5P6 with PID 9440 (D:\IDEA-Project\car-business\target\classes started by EDT灬谭泽豪 in D:\IDEA-Project\car-business) 
363  [main] INFO com.edt.App - No active profile set, falling back to default profiles: default 
1183 [main] INFO o.s.b.w.e.tomcat.TomcatWebServer - Tomcat initialized with port(s): 80 (http) 
1189 [main] INFO o.a.coyote.http11.Http11NioProtocol - Initializing ProtocolHandler ["http-nio-80"] 
1189 [main] INFO o.a.catalina.core.StandardService - Starting service [Tomcat] 
1189 [main] INFO o.a.catalina.core.StandardEngine - Starting Servlet engine: [Apache Tomcat/9.0.37] 
1258 [main] INFO o.a.c.c.C.[Tomcat].[localhost].[/] - Initializing Spring embedded WebApplicationContext 
1258 [main] INFO o.s.b.w.s.c.ServletWebServerApplicationContext - Root WebApplicationContext: initialization completed in 858 ms 
1342 [main] INFO c.a.d.s.b.a.DruidDataSourceAutoConfigure - Init DruidDataSource 
1403 [main] INFO c.a.druid.pool.DruidDataSource - {dataSource-1} inited 
1882 [main] INFO o.s.s.c.ThreadPoolTaskExecutor - Initializing ExecutorService 'applicationTaskExecutor' 
1904 [main] INFO o.s.b.a.w.s.WelcomePageHandlerMapping - Adding welcome page template: index 
2093 [main] INFO o.a.coyote.http11.Http11NioProtocol - Starting ProtocolHandler ["http-nio-80"] 
2109 [main] INFO o.s.b.w.e.tomcat.TomcatWebServer - Tomcat started on port(s): 80 (http) with context path '' 
2117 [main] INFO com.edt.App - Started App in 2.011 seconds (JVM running for 2.647) 
26577 [http-nio-80-exec-1] INFO o.a.c.c.C.[Tomcat].[localhost].[/] - Initializing Spring DispatcherServlet 'dispatcherServlet' 
26577 [http-nio-80-exec-1] INFO o.s.web.servlet.DispatcherServlet - Initializing Servlet 'dispatcherServlet' 
26585 [http-nio-80-exec-1] INFO o.s.web.servlet.DispatcherServlet - Completed initialization in 8 ms 
26769 [http-nio-80-exec-1] WARN o.a.c.util.SessionIdGeneratorBase - Creation of SecureRandom instance for session ID generation using [SHA1PRNG] took [172] milliseconds. 
439  [main] INFO com.edt.App - Starting App on DESKTOP-43IB5P6 with PID 12696 (D:\IDEA-Project\car-business\target\classes started by EDT灬谭泽豪 in D:\IDEA-Project\car-business) 
441  [main] INFO com.edt.App - No active profile set, falling back to default profiles: default 
1270 [main] INFO o.s.b.w.e.tomcat.TomcatWebServer - Tomcat initialized with port(s): 80 (http) 
1275 [main] INFO o.a.coyote.http11.Http11NioProtocol - Initializing ProtocolHandler ["http-nio-80"] 
1275 [main] INFO o.a.catalina.core.StandardService - Starting service [Tomcat] 
1276 [main] INFO o.a.catalina.core.StandardEngine - Starting Servlet engine: [Apache Tomcat/9.0.37] 
1344 [main] INFO o.a.c.c.C.[Tomcat].[localhost].[/] - Initializing Spring embedded WebApplicationContext 
1345 [main] INFO o.s.b.w.s.c.ServletWebServerApplicationContext - Root WebApplicationContext: initialization completed in 866 ms 
1429 [main] INFO c.a.d.s.b.a.DruidDataSourceAutoConfigure - Init DruidDataSource 
1490 [main] INFO c.a.druid.pool.DruidDataSource - {dataSource-1} inited 
1961 [main] INFO o.s.s.c.ThreadPoolTaskExecutor - Initializing ExecutorService 'applicationTaskExecutor' 
1984 [main] INFO o.s.b.a.w.s.WelcomePageHandlerMapping - Adding welcome page template: index 
2185 [main] INFO o.a.coyote.http11.Http11NioProtocol - Starting ProtocolHandler ["http-nio-80"] 
2201 [main] INFO o.s.b.w.e.tomcat.TomcatWebServer - Tomcat started on port(s): 80 (http) with context path '' 
2208 [main] INFO com.edt.App - Started App in 2.077 seconds (JVM running for 2.752) 
